# JRE version: OpenJDK Runtime Environment (17.0.10) (build 17.0.10+0--11609105)
# Java VM: OpenJDK 64-Bit Server VM (17.0.10+0--11609105, mixed mode, tiered, compressed oops, compressed class ptrs, g1 gc, windows-amd64)
GC Precious Log:
 CPUs: 4 total, 4 available
 Memory: 16317M
 Large Page Support: Disabled
 NUMA Support: Disabled
 Compressed Oops: Enabled (32-bit)
 Heap Region Size: 1M
 Heap Min Capacity: 8M
 Heap Initial Capacity: 256M
 Heap Max Capacity: 2G
 Pre-touch: Disabled
 Parallel Workers: 4
 Concurrent Workers: 1
 Concurrent Refinement Workers: 4
 Periodic GC: Disabled
Heap:
 garbage-first heap   total 321536K, used 214643K [0x0000000080000000, 0x0000000100000000)
  region size 1024K, 56 young (57344K), 10 survivors (10240K)
 Metaspace       used 133549K, committed 134336K, reserved 1179648K
  class space    used 17941K, committed 18304K, reserved 1048576K
GC Heap History (20 events):
Event: 24.728 GC heap before
{Heap before GC invocations=50 (full 0):
 garbage-first heap   total 219136K, used 160642K [0x0000000080000000, 0x0000000100000000)
  region size 1024K, 71 young (72704K), 12 survivors (12288K)
 Metaspace       used 98180K, committed 98816K, reserved 1179648K
  class space    used 13208K, committed 13504K, reserved 1048576K
}
Event: 24.745 GC heap after
{Heap after GC invocations=51 (full 0):
 garbage-first heap   total 219136K, used 104845K [0x0000000080000000, 0x0000000100000000)
  region size 1024K, 4 young (4096K), 4 survivors (4096K)
 Metaspace       used 98180K, committed 98816K, reserved 1179648K
  class space    used 13208K, committed 13504K, reserved 1048576K
}
Event: 25.450 GC heap before
{Heap before GC invocations=51 (full 0):
 garbage-first heap   total 219136K, used 165261K [0x0000000080000000, 0x0000000100000000)
  region size 1024K, 64 young (65536K), 4 survivors (4096K)
 Metaspace       used 100911K, committed 101568K, reserved 1179648K
  class space    used 13595K, committed 13888K, reserved 1048576K
}
Event: 25.460 GC heap after
{Heap after GC invocations=52 (full 0):
 garbage-first heap   total 219136K, used 106661K [0x0000000080000000, 0x0000000100000000)
  region size 1024K, 6 young (6144K), 6 survivors (6144K)
 Metaspace       used 100911K, committed 101568K, reserved 1179648K
  class space    used 13595K, committed 13888K, reserved 1048576K
}
Event: 27.536 GC heap before
{Heap before GC invocations=52 (full 0):
 garbage-first heap   total 219136K, used 170149K [0x0000000080000000, 0x0000000100000000)
  region size 1024K, 69 young (70656K), 6 survivors (6144K)
 Metaspace       used 103313K, committed 104000K, reserved 1179648K
  class space    used 13882K, committed 14208K, reserved 1048576K
}
Event: 27.553 GC heap after
{Heap after GC invocations=53 (full 0):
 garbage-first heap   total 219136K, used 113787K [0x0000000080000000, 0x0000000100000000)
  region size 1024K, 9 young (9216K), 9 survivors (9216K)
 Metaspace       used 103313K, committed 104000K, reserved 1179648K
  class space    used 13882K, committed 14208K, reserved 1048576K
}
Event: 28.191 GC heap before
{Heap before GC invocations=53 (full 0):
 garbage-first heap   total 219136K, used 171131K [0x0000000080000000, 0x0000000100000000)
  region size 1024K, 66 young (67584K), 9 survivors (9216K)
 Metaspace       used 104886K, committed 105600K, reserved 1179648K
  class space    used 14073K, committed 14400K, reserved 1048576K
}
Event: 28.209 GC heap after
{Heap after GC invocations=54 (full 0):
 garbage-first heap   total 219136K, used 118042K [0x0000000080000000, 0x0000000100000000)
  region size 1024K, 6 young (6144K), 6 survivors (6144K)
 Metaspace       used 104886K, committed 105600K, reserved 1179648K
  class space    used 14073K, committed 14400K, reserved 1048576K
}
Event: 29.330 GC heap before
{Heap before GC invocations=54 (full 0):
 garbage-first heap   total 219136K, used 175386K [0x0000000080000000, 0x0000000100000000)
  region size 1024K, 61 young (62464K), 6 survivors (6144K)
 Metaspace       used 112116K, committed 112896K, reserved 1179648K
  class space    used 14994K, committed 15360K, reserved 1048576K
}
Event: 29.344 GC heap after
{Heap after GC invocations=55 (full 0):
 garbage-first heap   total 219136K, used 127495K [0x0000000080000000, 0x0000000100000000)
  region size 1024K, 8 young (8192K), 8 survivors (8192K)
 Metaspace       used 112116K, committed 112896K, reserved 1179648K
  class space    used 14994K, committed 15360K, reserved 1048576K
}
Event: 30.613 GC heap before
{Heap before GC invocations=55 (full 0):
 garbage-first heap   total 219136K, used 175623K [0x0000000080000000, 0x0000000100000000)
  region size 1024K, 56 young (57344K), 8 survivors (8192K)
 Metaspace       used 114594K, committed 115392K, reserved 1179648K
  class space    used 15257K, committed 15616K, reserved 1048576K
}
Event: 30.618 GC heap after
{Heap after GC invocations=56 (full 0):
 garbage-first heap   total 219136K, used 124386K [0x0000000080000000, 0x0000000100000000)
  region size 1024K, 2 young (2048K), 2 survivors (2048K)
 Metaspace       used 114594K, committed 115392K, reserved 1179648K
  class space    used 15257K, committed 15616K, reserved 1048576K
}
Event: 31.286 GC heap before
{Heap before GC invocations=56 (full 0):
 garbage-first heap   total 219136K, used 180706K [0x0000000080000000, 0x0000000100000000)
  region size 1024K, 54 young (55296K), 2 survivors (2048K)
 Metaspace       used 119135K, committed 119872K, reserved 1179648K
  class space    used 15905K, committed 16256K, reserved 1048576K
}
Event: 31.293 GC heap after
{Heap after GC invocations=57 (full 0):
 garbage-first heap   total 219136K, used 125841K [0x0000000080000000, 0x0000000100000000)
  region size 1024K, 4 young (4096K), 4 survivors (4096K)
 Metaspace       used 119135K, committed 119872K, reserved 1179648K
  class space    used 15905K, committed 16256K, reserved 1048576K
}
Event: 31.861 GC heap before
{Heap before GC invocations=57 (full 0):
 garbage-first heap   total 219136K, used 178065K [0x0000000080000000, 0x0000000100000000)
  region size 1024K, 56 young (57344K), 4 survivors (4096K)
 Metaspace       used 123249K, committed 124032K, reserved 1179648K
  class space    used 16479K, committed 16832K, reserved 1048576K
}
Event: 31.880 GC heap after
{Heap after GC invocations=58 (full 0):
 garbage-first heap   total 219136K, used 135042K [0x0000000080000000, 0x0000000100000000)
  region size 1024K, 7 young (7168K), 7 survivors (7168K)
 Metaspace       used 123249K, committed 124032K, reserved 1179648K
  class space    used 16479K, committed 16832K, reserved 1048576K
}
Event: 32.788 GC heap before
{Heap before GC invocations=58 (full 0):
 garbage-first heap   total 219136K, used 179074K [0x0000000080000000, 0x0000000100000000)
  region size 1024K, 51 young (52224K), 7 survivors (7168K)
 Metaspace       used 127147K, committed 127936K, reserved 1179648K
  class space    used 16987K, committed 17344K, reserved 1048576K
}
Event: 32.806 GC heap after
{Heap after GC invocations=59 (full 0):
 garbage-first heap   total 321536K, used 137860K [0x0000000080000000, 0x0000000100000000)
  region size 1024K, 3 young (3072K), 3 survivors (3072K)
 Metaspace       used 127147K, committed 127936K, reserved 1179648K
  class space    used 16987K, committed 17344K, reserved 1048576K
}
Event: 35.267 GC heap before
{Heap before GC invocations=59 (full 0):
 garbage-first heap   total 321536K, used 252548K [0x0000000080000000, 0x0000000100000000)
  region size 1024K, 114 young (116736K), 3 survivors (3072K)
 Metaspace       used 131533K, committed 132352K, reserved 1179648K
  class space    used 17681K, committed 18048K, reserved 1048576K
}
Event: 35.283 GC heap after
{Heap after GC invocations=60 (full 0):
 garbage-first heap   total 321536K, used 145011K [0x0000000080000000, 0x0000000100000000)
  region size 1024K, 10 young (10240K), 10 survivors (10240K)
 Metaspace       used 131533K, committed 132352K, reserved 1179648K
  class space    used 17681K, committed 18048K, reserved 1048576K
}

